<?xml version="1.0" encoding="UTF-8"?>
<testsuite xmlns:xsi="http://www.w3.org/2001/XMLSchema-instance" xsi:noNamespaceSchemaLocation="https://maven.apache.org/surefire/maven-surefire-plugin/xsd/surefire-test-report.xsd" name="com.ncc.aif.NistExamplesAndValidationTest" time="1.067" tests="51" errors="0" skipped="4" failures="1">
  <properties>
    <property name="gopherProxySet" value="false"/>
    <property name="awt.toolkit" value="sun.lwawt.macosx.LWCToolkit"/>
    <property name="java.specification.version" value="11"/>
    <property name="sun.cpu.isalist" value=""/>
    <property name="sun.jnu.encoding" value="UTF-8"/>
    <property name="java.class.path" value="/Users/womitowoju/workspace/aida/AIDA-Interchange-Format/java/target/test-classes:/Users/womitowoju/workspace/aida/AIDA-Interchange-Format/java/target/classes:/Users/womitowoju/.m2/repository/ch/qos/logback/logback-classic/1.2.3/logback-classic-1.2.3.jar:/Users/womitowoju/.m2/repository/ch/qos/logback/logback-core/1.2.3/logback-core-1.2.3.jar:/Users/womitowoju/.m2/repository/org/slf4j/slf4j-api/1.7.25/slf4j-api-1.7.25.jar:/Users/womitowoju/.m2/repository/org/apache/jena/jena-core/3.13.1/jena-core-3.13.1.jar:/Users/womitowoju/.m2/repository/org/apache/jena/jena-iri/3.13.1/jena-iri-3.13.1.jar:/Users/womitowoju/.m2/repository/commons-cli/commons-cli/1.4/commons-cli-1.4.jar:/Users/womitowoju/.m2/repository/commons-codec/commons-codec/1.13/commons-codec-1.13.jar:/Users/womitowoju/.m2/repository/org/apache/jena/jena-base/3.13.1/jena-base-3.13.1.jar:/Users/womitowoju/.m2/repository/org/apache/commons/commons-csv/1.7/commons-csv-1.7.jar:/Users/womitowoju/.m2/repository/org/apache/commons/commons-compress/1.19/commons-compress-1.19.jar:/Users/womitowoju/.m2/repository/com/github/andrewoma/dexx/collection/0.7/collection-0.7.jar:/Users/womitowoju/.m2/repository/org/apache/jena/jena-shaded-guava/3.13.1/jena-shaded-guava-3.13.1.jar:/Users/womitowoju/.m2/repository/org/apache/httpcomponents/httpclient/4.5.10/httpclient-4.5.10.jar:/Users/womitowoju/.m2/repository/org/apache/httpcomponents/httpcore/4.4.12/httpcore-4.4.12.jar:/Users/womitowoju/.m2/repository/com/github/jsonld-java/jsonld-java/0.12.5/jsonld-java-0.12.5.jar:/Users/womitowoju/.m2/repository/commons-io/commons-io/2.6/commons-io-2.6.jar:/Users/womitowoju/.m2/repository/org/apache/httpcomponents/httpclient-cache/4.5.10/httpclient-cache-4.5.10.jar:/Users/womitowoju/.m2/repository/org/apache/thrift/libthrift/0.12.0/libthrift-0.12.0.jar:/Users/womitowoju/.m2/repository/org/slf4j/jcl-over-slf4j/1.7.26/jcl-over-slf4j-1.7.26.jar:/Users/womitowoju/.m2/repository/org/apache/commons/commons-lang3/3.9/commons-lang3-3.9.jar:/Users/womitowoju/.m2/repository/org/apache/jena/jena-shacl/3.13.1/jena-shacl-3.13.1.jar:/Users/womitowoju/.m2/repository/org/apache/jena/jena-tdb/3.13.1/jena-tdb-3.13.1.jar:/Users/womitowoju/.m2/repository/org/apache/jena/jena-tdb2/3.13.1/jena-tdb2-3.13.1.jar:/Users/womitowoju/.m2/repository/org/apache/jena/jena-dboe-storage/3.13.1/jena-dboe-storage-3.13.1.jar:/Users/womitowoju/.m2/repository/org/apache/jena/jena-dboe-trans-data/3.13.1/jena-dboe-trans-data-3.13.1.jar:/Users/womitowoju/.m2/repository/org/apache/jena/jena-dboe-transaction/3.13.1/jena-dboe-transaction-3.13.1.jar:/Users/womitowoju/.m2/repository/org/apache/jena/jena-dboe-base/3.13.1/jena-dboe-base-3.13.1.jar:/Users/womitowoju/.m2/repository/org/apache/jena/jena-dboe-index/3.13.1/jena-dboe-index-3.13.1.jar:/Users/womitowoju/.m2/repository/org/apache/jena/jena-rdfconnection/3.13.1/jena-rdfconnection-3.13.1.jar:/Users/womitowoju/.m2/repository/com/google/guava/guava/28.1-jre/guava-28.1-jre.jar:/Users/womitowoju/.m2/repository/com/google/guava/failureaccess/1.0.1/failureaccess-1.0.1.jar:/Users/womitowoju/.m2/repository/com/google/guava/listenablefuture/9999.0-empty-to-avoid-conflict-with-guava/listenablefuture-9999.0-empty-to-avoid-conflict-with-guava.jar:/Users/womitowoju/.m2/repository/com/google/code/findbugs/jsr305/3.0.2/jsr305-3.0.2.jar:/Users/womitowoju/.m2/repository/org/checkerframework/checker-qual/2.8.1/checker-qual-2.8.1.jar:/Users/womitowoju/.m2/repository/com/google/errorprone/error_prone_annotations/2.3.2/error_prone_annotations-2.3.2.jar:/Users/womitowoju/.m2/repository/com/google/j2objc/j2objc-annotations/1.3/j2objc-annotations-1.3.jar:/Users/womitowoju/.m2/repository/org/codehaus/mojo/animal-sniffer-annotations/1.18/animal-sniffer-annotations-1.18.jar:/Users/womitowoju/.m2/repository/com/fasterxml/jackson/core/jackson-core/2.10.0/jackson-core-2.10.0.jar:/Users/womitowoju/.m2/repository/com/fasterxml/jackson/core/jackson-databind/2.10.0/jackson-databind-2.10.0.jar:/Users/womitowoju/.m2/repository/com/fasterxml/jackson/core/jackson-annotations/2.10.0/jackson-annotations-2.10.0.jar:/Users/womitowoju/.m2/repository/org/topbraid/shacl/1.3.2/shacl-1.3.2.jar:/Users/womitowoju/.m2/repository/org/apache/jena/jena-arq/3.13.1/jena-arq-3.13.1.jar:/Users/womitowoju/.m2/repository/org/antlr/antlr4-runtime/4.5.3/antlr4-runtime-4.5.3.jar:/Users/womitowoju/.m2/repository/info/picocli/picocli/3.9.6/picocli-3.9.6.jar:/Users/womitowoju/.m2/repository/org/junit/jupiter/junit-jupiter-api/5.5.2/junit-jupiter-api-5.5.2.jar:/Users/womitowoju/.m2/repository/org/apiguardian/apiguardian-api/1.1.0/apiguardian-api-1.1.0.jar:/Users/womitowoju/.m2/repository/org/opentest4j/opentest4j/1.2.0/opentest4j-1.2.0.jar:/Users/womitowoju/.m2/repository/org/junit/platform/junit-platform-commons/1.5.2/junit-platform-commons-1.5.2.jar:/Users/womitowoju/.m2/repository/org/junit/jupiter/junit-jupiter-engine/5.5.2/junit-jupiter-engine-5.5.2.jar:/Users/womitowoju/.m2/repository/org/junit/platform/junit-platform-engine/1.5.2/junit-platform-engine-1.5.2.jar:"/>
    <property name="java.vm.vendor" value="AdoptOpenJDK"/>
    <property name="sun.arch.data.model" value="64"/>
    <property name="java.vendor.url" value="https://adoptopenjdk.net/"/>
    <property name="user.timezone" value=""/>
    <property name="java.vm.specification.version" value="11"/>
    <property name="os.name" value="Mac OS X"/>
    <property name="sun.java.launcher" value="SUN_STANDARD"/>
    <property name="user.country" value="US"/>
    <property name="sun.boot.library.path" value="/Library/Java/JavaVirtualMachines/adoptopenjdk-11.jdk/Contents/Home/lib"/>
    <property name="sun.java.command" value="/Users/womitowoju/workspace/aida/AIDA-Interchange-Format/java/target/surefire/surefirebooter9074258734452607809.jar /Users/womitowoju/workspace/aida/AIDA-Interchange-Format/java/target/surefire 2022-06-09T12-40-51_288-jvmRun1 surefire18191280760786643657tmp surefire_03390764324527721476tmp"/>
    <property name="http.nonProxyHosts" value="local|*.local|169.254/16|*.169.254/16"/>
    <property name="jdk.debug" value="release"/>
    <property name="surefire.test.class.path" value="/Users/womitowoju/workspace/aida/AIDA-Interchange-Format/java/target/test-classes:/Users/womitowoju/workspace/aida/AIDA-Interchange-Format/java/target/classes:/Users/womitowoju/.m2/repository/ch/qos/logback/logback-classic/1.2.3/logback-classic-1.2.3.jar:/Users/womitowoju/.m2/repository/ch/qos/logback/logback-core/1.2.3/logback-core-1.2.3.jar:/Users/womitowoju/.m2/repository/org/slf4j/slf4j-api/1.7.25/slf4j-api-1.7.25.jar:/Users/womitowoju/.m2/repository/org/apache/jena/jena-core/3.13.1/jena-core-3.13.1.jar:/Users/womitowoju/.m2/repository/org/apache/jena/jena-iri/3.13.1/jena-iri-3.13.1.jar:/Users/womitowoju/.m2/repository/commons-cli/commons-cli/1.4/commons-cli-1.4.jar:/Users/womitowoju/.m2/repository/commons-codec/commons-codec/1.13/commons-codec-1.13.jar:/Users/womitowoju/.m2/repository/org/apache/jena/jena-base/3.13.1/jena-base-3.13.1.jar:/Users/womitowoju/.m2/repository/org/apache/commons/commons-csv/1.7/commons-csv-1.7.jar:/Users/womitowoju/.m2/repository/org/apache/commons/commons-compress/1.19/commons-compress-1.19.jar:/Users/womitowoju/.m2/repository/com/github/andrewoma/dexx/collection/0.7/collection-0.7.jar:/Users/womitowoju/.m2/repository/org/apache/jena/jena-shaded-guava/3.13.1/jena-shaded-guava-3.13.1.jar:/Users/womitowoju/.m2/repository/org/apache/httpcomponents/httpclient/4.5.10/httpclient-4.5.10.jar:/Users/womitowoju/.m2/repository/org/apache/httpcomponents/httpcore/4.4.12/httpcore-4.4.12.jar:/Users/womitowoju/.m2/repository/com/github/jsonld-java/jsonld-java/0.12.5/jsonld-java-0.12.5.jar:/Users/womitowoju/.m2/repository/commons-io/commons-io/2.6/commons-io-2.6.jar:/Users/womitowoju/.m2/repository/org/apache/httpcomponents/httpclient-cache/4.5.10/httpclient-cache-4.5.10.jar:/Users/womitowoju/.m2/repository/org/apache/thrift/libthrift/0.12.0/libthrift-0.12.0.jar:/Users/womitowoju/.m2/repository/org/slf4j/jcl-over-slf4j/1.7.26/jcl-over-slf4j-1.7.26.jar:/Users/womitowoju/.m2/repository/org/apache/commons/commons-lang3/3.9/commons-lang3-3.9.jar:/Users/womitowoju/.m2/repository/org/apache/jena/jena-shacl/3.13.1/jena-shacl-3.13.1.jar:/Users/womitowoju/.m2/repository/org/apache/jena/jena-tdb/3.13.1/jena-tdb-3.13.1.jar:/Users/womitowoju/.m2/repository/org/apache/jena/jena-tdb2/3.13.1/jena-tdb2-3.13.1.jar:/Users/womitowoju/.m2/repository/org/apache/jena/jena-dboe-storage/3.13.1/jena-dboe-storage-3.13.1.jar:/Users/womitowoju/.m2/repository/org/apache/jena/jena-dboe-trans-data/3.13.1/jena-dboe-trans-data-3.13.1.jar:/Users/womitowoju/.m2/repository/org/apache/jena/jena-dboe-transaction/3.13.1/jena-dboe-transaction-3.13.1.jar:/Users/womitowoju/.m2/repository/org/apache/jena/jena-dboe-base/3.13.1/jena-dboe-base-3.13.1.jar:/Users/womitowoju/.m2/repository/org/apache/jena/jena-dboe-index/3.13.1/jena-dboe-index-3.13.1.jar:/Users/womitowoju/.m2/repository/org/apache/jena/jena-rdfconnection/3.13.1/jena-rdfconnection-3.13.1.jar:/Users/womitowoju/.m2/repository/com/google/guava/guava/28.1-jre/guava-28.1-jre.jar:/Users/womitowoju/.m2/repository/com/google/guava/failureaccess/1.0.1/failureaccess-1.0.1.jar:/Users/womitowoju/.m2/repository/com/google/guava/listenablefuture/9999.0-empty-to-avoid-conflict-with-guava/listenablefuture-9999.0-empty-to-avoid-conflict-with-guava.jar:/Users/womitowoju/.m2/repository/com/google/code/findbugs/jsr305/3.0.2/jsr305-3.0.2.jar:/Users/womitowoju/.m2/repository/org/checkerframework/checker-qual/2.8.1/checker-qual-2.8.1.jar:/Users/womitowoju/.m2/repository/com/google/errorprone/error_prone_annotations/2.3.2/error_prone_annotations-2.3.2.jar:/Users/womitowoju/.m2/repository/com/google/j2objc/j2objc-annotations/1.3/j2objc-annotations-1.3.jar:/Users/womitowoju/.m2/repository/org/codehaus/mojo/animal-sniffer-annotations/1.18/animal-sniffer-annotations-1.18.jar:/Users/womitowoju/.m2/repository/com/fasterxml/jackson/core/jackson-core/2.10.0/jackson-core-2.10.0.jar:/Users/womitowoju/.m2/repository/com/fasterxml/jackson/core/jackson-databind/2.10.0/jackson-databind-2.10.0.jar:/Users/womitowoju/.m2/repository/com/fasterxml/jackson/core/jackson-annotations/2.10.0/jackson-annotations-2.10.0.jar:/Users/womitowoju/.m2/repository/org/topbraid/shacl/1.3.2/shacl-1.3.2.jar:/Users/womitowoju/.m2/repository/org/apache/jena/jena-arq/3.13.1/jena-arq-3.13.1.jar:/Users/womitowoju/.m2/repository/org/antlr/antlr4-runtime/4.5.3/antlr4-runtime-4.5.3.jar:/Users/womitowoju/.m2/repository/info/picocli/picocli/3.9.6/picocli-3.9.6.jar:/Users/womitowoju/.m2/repository/org/junit/jupiter/junit-jupiter-api/5.5.2/junit-jupiter-api-5.5.2.jar:/Users/womitowoju/.m2/repository/org/apiguardian/apiguardian-api/1.1.0/apiguardian-api-1.1.0.jar:/Users/womitowoju/.m2/repository/org/opentest4j/opentest4j/1.2.0/opentest4j-1.2.0.jar:/Users/womitowoju/.m2/repository/org/junit/platform/junit-platform-commons/1.5.2/junit-platform-commons-1.5.2.jar:/Users/womitowoju/.m2/repository/org/junit/jupiter/junit-jupiter-engine/5.5.2/junit-jupiter-engine-5.5.2.jar:/Users/womitowoju/.m2/repository/org/junit/platform/junit-platform-engine/1.5.2/junit-platform-engine-1.5.2.jar:"/>
    <property name="sun.cpu.endian" value="little"/>
    <property name="user.home" value="/Users/womitowoju"/>
    <property name="user.language" value="en"/>
    <property name="java.specification.vendor" value="Oracle Corporation"/>
    <property name="java.version.date" value="2021-04-20"/>
    <property name="java.home" value="/Library/Java/JavaVirtualMachines/adoptopenjdk-11.jdk/Contents/Home"/>
    <property name="file.separator" value="/"/>
    <property name="basedir" value="/Users/womitowoju/workspace/aida/AIDA-Interchange-Format/java"/>
    <property name="java.vm.compressedOopsMode" value="Zero based"/>
    <property name="line.separator" value="&#10;"/>
    <property name="java.specification.name" value="Java Platform API Specification"/>
    <property name="java.vm.specification.vendor" value="Oracle Corporation"/>
    <property name="java.awt.graphicsenv" value="sun.awt.CGraphicsEnvironment"/>
    <property name="surefire.real.class.path" value="/Users/womitowoju/workspace/aida/AIDA-Interchange-Format/java/target/surefire/surefirebooter9074258734452607809.jar"/>
    <property name="sun.management.compiler" value="HotSpot 64-Bit Tiered Compilers"/>
    <property name="ftp.nonProxyHosts" value="local|*.local|169.254/16|*.169.254/16"/>
    <property name="java.runtime.version" value="11.0.11+9"/>
    <property name="user.name" value="womitowoju"/>
    <property name="path.separator" value=":"/>
    <property name="os.version" value="11.4"/>
    <property name="java.runtime.name" value="OpenJDK Runtime Environment"/>
    <property name="file.encoding" value="UTF-8"/>
    <property name="java.vm.name" value="OpenJDK 64-Bit Server VM"/>
    <property name="java.vendor.version" value="AdoptOpenJDK-11.0.11+9"/>
    <property name="localRepository" value="/Users/womitowoju/.m2/repository"/>
    <property name="java.vendor.url.bug" value="https://github.com/AdoptOpenJDK/openjdk-support/issues"/>
    <property name="java.io.tmpdir" value="/var/folders/xk/prnvlwvd0y1bv1m09d_mq_hr0000gq/T/"/>
    <property name="java.version" value="11.0.11"/>
    <property name="user.dir" value="/Users/womitowoju/workspace/aida/AIDA-Interchange-Format/java"/>
    <property name="os.arch" value="x86_64"/>
    <property name="java.vm.specification.name" value="Java Virtual Machine Specification"/>
    <property name="java.awt.printerjob" value="sun.lwawt.macosx.CPrinterJob"/>
    <property name="sun.os.patch.level" value="unknown"/>
    <property name="java.library.path" value="/Users/womitowoju/Library/Java/Extensions:/Library/Java/Extensions:/Network/Library/Java/Extensions:/System/Library/Java/Extensions:/usr/lib/java:."/>
    <property name="java.vm.info" value="mixed mode"/>
    <property name="java.vendor" value="AdoptOpenJDK"/>
    <property name="java.vm.version" value="11.0.11+9"/>
    <property name="sun.io.unicode.encoding" value="UnicodeBig"/>
    <property name="java.class.version" value="55.0"/>
    <property name="socksNonProxyHosts" value="local|*.local|169.254/16|*.169.254/16"/>
  </properties>
  <testcase name="valid" classname="com.ncc.aif.NistExamplesAndValidationTest$NISTExamples$ClusterHasIRI" time="0.025"/>
  <testcase name="valid" classname="com.ncc.aif.NistExamplesAndValidationTest$NISTExamples$ClustersMustBeHomogeneous" time="0.001"/>
  <testcase name="valid" classname="com.ncc.aif.NistExamplesAndValidationTest$NISTExamples$ConfidenceValueRange" time="0.03"/>
  <testcase name="valid" classname="com.ncc.aif.NistExamplesAndValidationTest$NISTExamples$EdgeJustificationLimit" time="0.001"/>
  <testcase name="valid" classname="com.ncc.aif.NistExamplesAndValidationTest$NISTExamples$EverythingClustered" time="0.035"/>
  <testcase name="valid" classname="com.ncc.aif.NistExamplesAndValidationTest$NISTExamples$FlatClusters" time="0.032"/>
  <testcase name="valid" classname="com.ncc.aif.NistExamplesAndValidationTest$NISTExamples$Handle" time="0.037"/>
  <testcase name="valid" classname="com.ncc.aif.NistExamplesAndValidationTest$NISTExamples$JustificationSourceAndSourceDocument" time="0.02"/>
  <testcase name="valid" classname="com.ncc.aif.NistExamplesAndValidationTest$NISTExamples$LinkAssertion" time="0.013"/>
  <testcase name="valid" classname="com.ncc.aif.NistExamplesAndValidationTest$NISTExamples$PreventShotVideo" time="0.016"/>
  <testcase name="valid" classname="com.ncc.aif.NistExamplesAndValidationTest$NISTExamples$RestrictJustification" time="0"/>
  <testcase name="invalid" classname="com.ncc.aif.NistExamplesAndValidationTest$NISTExamples$ClusterHasIRI" time="0.026"/>
  <testcase name="invalid" classname="com.ncc.aif.NistExamplesAndValidationTest$NISTExamples$ClustersMustBeHomogeneous" time="0"/>
  <testcase name="invalid" classname="com.ncc.aif.NistExamplesAndValidationTest$NISTExamples$EdgeJustificationLimit" time="0"/>
  <testcase name="invalid" classname="com.ncc.aif.NistExamplesAndValidationTest$NISTExamples$EverythingClustered" time="0.025"/>
  <testcase name="invalid" classname="com.ncc.aif.NistExamplesAndValidationTest$NISTExamples$FlatClusters" time="0.024"/>
  <testcase name="invalid" classname="com.ncc.aif.NistExamplesAndValidationTest$NISTExamples$PreventShotVideo" time="0.018"/>
  <testcase name="invalid" classname="com.ncc.aif.NistExamplesAndValidationTest$NISTExamples$RestrictJustification" time="0.04">
    <failure message="Encountered unexpected violation: (null,http://www.w3.org/ns/shacl#SPARQLConstraintComponent,https://raw.githubusercontent.com/NextCenturyCorporation/AIDA-Interchange-Format/master/java/src/main/resources/com/ncc/aif/ontologies/InterchangeOntology#EREOneInformativeJustificationMembers) ==&gt; expected: &lt;true&gt; but was: &lt;false&gt;" type="org.opentest4j.AssertionFailedError"><![CDATA[org.opentest4j.AssertionFailedError: Encountered unexpected violation: (null,http://www.w3.org/ns/shacl#SPARQLConstraintComponent,https://raw.githubusercontent.com/NextCenturyCorporation/AIDA-Interchange-Format/master/java/src/main/resources/com/ncc/aif/ontologies/InterchangeOntology#EREOneInformativeJustificationMembers) ==> expected: <true> but was: <false>
	at com.ncc.aif.NistExamplesAndValidationTest$NISTExamples$RestrictJustification.invalid(NistExamplesAndValidationTest.java:279)
]]></failure>
    <system-out><![CDATA[12:40:57.549 [main] INFO ROOT - Dump to target/test-dump-output/NistExamplesAndValidationTest_NISTExamples_RestrictJustification_invalid.ttl
12:40:57.553 [main] INFO ROOT - Dump to target/test-dump-output/NistExamplesAndValidationTest_NISTExamples_RestrictJustification_invalid.ttl
]]></system-out>
  </testcase>
  <testcase name="invalidZero" classname="com.ncc.aif.NistExamplesAndValidationTest$NISTExamples$ConfidenceValueRange" time="0.022"/>
  <testcase name="invalidTooLarge" classname="com.ncc.aif.NistExamplesAndValidationTest$NISTExamples$ConfidenceValueRange" time="0.044"/>
  <testcase name="invalidZeroSpans" classname="com.ncc.aif.NistExamplesAndValidationTest$NISTExamples$EdgeJustificationLimit" time="0"/>
  <testcase name="validOneSpan" classname="com.ncc.aif.NistExamplesAndValidationTest$NISTExamples$EdgeJustificationLimit" time="0.001"/>
  <testcase name="invalidHandle" classname="com.ncc.aif.NistExamplesAndValidationTest$NISTExamples$Handle" time="0.035"/>
  <testcase name="invalidInformativeJustificationDuplicateParentDoc" classname="com.ncc.aif.NistExamplesAndValidationTest$NISTExamples$InformativeJustification" time="0.028"/>
  <testcase name="validRelationWithMultipleInformativeJustifications" classname="com.ncc.aif.NistExamplesAndValidationTest$NISTExamples$InformativeJustification" time="0.029"/>
  <testcase name="validClusterInformativeJustification" classname="com.ncc.aif.NistExamplesAndValidationTest$NISTExamples$InformativeJustification" time="0">
    <skipped message="Informative mentions are not allowed on clusters for M36"/>
  </testcase>
  <testcase name="validEntityInformativeJustification" classname="com.ncc.aif.NistExamplesAndValidationTest$NISTExamples$InformativeJustification" time="0.043"/>
  <testcase name="validEventInformativeJustification" classname="com.ncc.aif.NistExamplesAndValidationTest$NISTExamples$InformativeJustification" time="0.021"/>
  <testcase name="validRelationInformativeJustification" classname="com.ncc.aif.NistExamplesAndValidationTest$NISTExamples$InformativeJustification" time="0.03"/>
  <testcase name="invalidClusterInformativeJustification" classname="com.ncc.aif.NistExamplesAndValidationTest$NISTExamples$InformativeJustification" time="0.029"/>
  <testcase name="validEntitySeparateInformativeJustificationsWithSameParentDoc" classname="com.ncc.aif.NistExamplesAndValidationTest$NISTExamples$InformativeJustification" time="0.029"/>
  <testcase name="invalidNoSource" classname="com.ncc.aif.NistExamplesAndValidationTest$NISTExamples$JustificationSourceAndSourceDocument" time="0.036"/>
  <testcase name="invalidNoSourceDocument" classname="com.ncc.aif.NistExamplesAndValidationTest$NISTExamples$JustificationSourceAndSourceDocument" time="0.03"/>
  <testcase name="com.ncc.aif.NistExamplesAndValidationTest$NISTExamples$JustifyTypeAssertions" classname="com.ncc.aif.NistExamplesAndValidationTest$NISTExamples$JustifyTypeAssertions" time="0">
    <skipped message="Restriction removed for M36"/>
  </testcase>
  <testcase name="invalidTooManyTargets" classname="com.ncc.aif.NistExamplesAndValidationTest$NISTExamples$LinkAssertion" time="0.015"/>
  <testcase name="invalidTooManyConfidences" classname="com.ncc.aif.NistExamplesAndValidationTest$NISTExamples$LinkAssertion" time="0.026"/>
  <testcase name="invalidNoConfidence" classname="com.ncc.aif.NistExamplesAndValidationTest$NISTExamples$LinkAssertion" time="0.015"/>
  <testcase name="invalidNoTarget" classname="com.ncc.aif.NistExamplesAndValidationTest$NISTExamples$LinkAssertion" time="0.012"/>
  <testcase name="invalidLinkToNonAssertion" classname="com.ncc.aif.NistExamplesAndValidationTest$NISTExamples$LinkAssertion" time="0.014"/>
  <testcase name="invalidNumericValueAsString" classname="com.ncc.aif.NistExamplesAndValidationTest$NISTExamples$NameMaxLength" time="0">
    <skipped message="LDCOntology does not have any Entities with a numeric value"/>
  </testcase>
  <testcase name="invalidTextValue" classname="com.ncc.aif.NistExamplesAndValidationTest$NISTExamples$NameMaxLength" time="0.022"/>
  <testcase name="validName" classname="com.ncc.aif.NistExamplesAndValidationTest$NISTExamples$NameMaxLength" time="0.019"/>
  <testcase name="invalidName" classname="com.ncc.aif.NistExamplesAndValidationTest$NISTExamples$NameMaxLength" time="0.021"/>
  <testcase name="validNumericValueAsString" classname="com.ncc.aif.NistExamplesAndValidationTest$NISTExamples$NameMaxLength" time="0">
    <skipped message="LDCOntology does not have any Entities with a numeric value"/>
  </testcase>
  <testcase name="validTextvalue" classname="com.ncc.aif.NistExamplesAndValidationTest$NISTExamples$NameMaxLength" time="0.028"/>
  <testcase name="invalidPrototypeOfMultipleClusters" classname="com.ncc.aif.NistExamplesAndValidationTest$NISTExamples$Prototype" time="0.019"/>
  <testcase name="invalidCompoundJustificationWithThreeJustifications" classname="com.ncc.aif.NistExamplesAndValidationTest$NISTExamples$RestrictJustification" time="0.001"/>
  <testcase name="invalidCompoundJustificationWithNoJustification" classname="com.ncc.aif.NistExamplesAndValidationTest$NISTExamples$RestrictJustification" time="0.017"/>
  <testcase name="invalidTimeInsufficient" classname="com.ncc.aif.NistExamplesAndValidationTest$NISTExamples$Time" time="0.02"/>
  <testcase name="validTime" classname="com.ncc.aif.NistExamplesAndValidationTest$NISTExamples$Time" time="0.024"/>
  <testcase name="invalidTimeExtraneous" classname="com.ncc.aif.NistExamplesAndValidationTest$NISTExamples$Time" time="0.033"/>
</testsuite>