<?xml version="1.0" encoding="UTF-8"?>
<testsuite xmlns:xsi="http://www.w3.org/2001/XMLSchema-instance" xsi:noNamespaceSchemaLocation="https://maven.apache.org/surefire/maven-surefire-plugin/xsd/surefire-test-report.xsd" name="com.ncc.aif.ExamplesAndValidationTest" time="3.689" tests="55" errors="0" skipped="3" failures="0">
  <properties>
    <property name="gopherProxySet" value="false"/>
    <property name="awt.toolkit" value="sun.lwawt.macosx.LWCToolkit"/>
    <property name="java.specification.version" value="11"/>
    <property name="sun.cpu.isalist" value=""/>
    <property name="sun.jnu.encoding" value="UTF-8"/>
    <property name="java.class.path" value="/Users/womitowoju/workspace/aida/AIDA-Interchange-Format/java/target/test-classes:/Users/womitowoju/workspace/aida/AIDA-Interchange-Format/java/target/classes:/Users/womitowoju/.m2/repository/ch/qos/logback/logback-classic/1.2.3/logback-classic-1.2.3.jar:/Users/womitowoju/.m2/repository/ch/qos/logback/logback-core/1.2.3/logback-core-1.2.3.jar:/Users/womitowoju/.m2/repository/org/slf4j/slf4j-api/1.7.25/slf4j-api-1.7.25.jar:/Users/womitowoju/.m2/repository/org/apache/jena/jena-core/3.13.1/jena-core-3.13.1.jar:/Users/womitowoju/.m2/repository/org/apache/jena/jena-iri/3.13.1/jena-iri-3.13.1.jar:/Users/womitowoju/.m2/repository/commons-cli/commons-cli/1.4/commons-cli-1.4.jar:/Users/womitowoju/.m2/repository/commons-codec/commons-codec/1.13/commons-codec-1.13.jar:/Users/womitowoju/.m2/repository/org/apache/jena/jena-base/3.13.1/jena-base-3.13.1.jar:/Users/womitowoju/.m2/repository/org/apache/commons/commons-csv/1.7/commons-csv-1.7.jar:/Users/womitowoju/.m2/repository/org/apache/commons/commons-compress/1.19/commons-compress-1.19.jar:/Users/womitowoju/.m2/repository/com/github/andrewoma/dexx/collection/0.7/collection-0.7.jar:/Users/womitowoju/.m2/repository/org/apache/jena/jena-shaded-guava/3.13.1/jena-shaded-guava-3.13.1.jar:/Users/womitowoju/.m2/repository/org/apache/httpcomponents/httpclient/4.5.10/httpclient-4.5.10.jar:/Users/womitowoju/.m2/repository/org/apache/httpcomponents/httpcore/4.4.12/httpcore-4.4.12.jar:/Users/womitowoju/.m2/repository/com/github/jsonld-java/jsonld-java/0.12.5/jsonld-java-0.12.5.jar:/Users/womitowoju/.m2/repository/commons-io/commons-io/2.6/commons-io-2.6.jar:/Users/womitowoju/.m2/repository/org/apache/httpcomponents/httpclient-cache/4.5.10/httpclient-cache-4.5.10.jar:/Users/womitowoju/.m2/repository/org/apache/thrift/libthrift/0.12.0/libthrift-0.12.0.jar:/Users/womitowoju/.m2/repository/org/slf4j/jcl-over-slf4j/1.7.26/jcl-over-slf4j-1.7.26.jar:/Users/womitowoju/.m2/repository/org/apache/commons/commons-lang3/3.9/commons-lang3-3.9.jar:/Users/womitowoju/.m2/repository/org/apache/jena/jena-shacl/3.13.1/jena-shacl-3.13.1.jar:/Users/womitowoju/.m2/repository/org/apache/jena/jena-tdb/3.13.1/jena-tdb-3.13.1.jar:/Users/womitowoju/.m2/repository/org/apache/jena/jena-tdb2/3.13.1/jena-tdb2-3.13.1.jar:/Users/womitowoju/.m2/repository/org/apache/jena/jena-dboe-storage/3.13.1/jena-dboe-storage-3.13.1.jar:/Users/womitowoju/.m2/repository/org/apache/jena/jena-dboe-trans-data/3.13.1/jena-dboe-trans-data-3.13.1.jar:/Users/womitowoju/.m2/repository/org/apache/jena/jena-dboe-transaction/3.13.1/jena-dboe-transaction-3.13.1.jar:/Users/womitowoju/.m2/repository/org/apache/jena/jena-dboe-base/3.13.1/jena-dboe-base-3.13.1.jar:/Users/womitowoju/.m2/repository/org/apache/jena/jena-dboe-index/3.13.1/jena-dboe-index-3.13.1.jar:/Users/womitowoju/.m2/repository/org/apache/jena/jena-rdfconnection/3.13.1/jena-rdfconnection-3.13.1.jar:/Users/womitowoju/.m2/repository/com/google/guava/guava/28.1-jre/guava-28.1-jre.jar:/Users/womitowoju/.m2/repository/com/google/guava/failureaccess/1.0.1/failureaccess-1.0.1.jar:/Users/womitowoju/.m2/repository/com/google/guava/listenablefuture/9999.0-empty-to-avoid-conflict-with-guava/listenablefuture-9999.0-empty-to-avoid-conflict-with-guava.jar:/Users/womitowoju/.m2/repository/com/google/code/findbugs/jsr305/3.0.2/jsr305-3.0.2.jar:/Users/womitowoju/.m2/repository/org/checkerframework/checker-qual/2.8.1/checker-qual-2.8.1.jar:/Users/womitowoju/.m2/repository/com/google/errorprone/error_prone_annotations/2.3.2/error_prone_annotations-2.3.2.jar:/Users/womitowoju/.m2/repository/com/google/j2objc/j2objc-annotations/1.3/j2objc-annotations-1.3.jar:/Users/womitowoju/.m2/repository/org/codehaus/mojo/animal-sniffer-annotations/1.18/animal-sniffer-annotations-1.18.jar:/Users/womitowoju/.m2/repository/com/fasterxml/jackson/core/jackson-core/2.10.0/jackson-core-2.10.0.jar:/Users/womitowoju/.m2/repository/com/fasterxml/jackson/core/jackson-databind/2.10.0/jackson-databind-2.10.0.jar:/Users/womitowoju/.m2/repository/com/fasterxml/jackson/core/jackson-annotations/2.10.0/jackson-annotations-2.10.0.jar:/Users/womitowoju/.m2/repository/org/topbraid/shacl/1.3.2/shacl-1.3.2.jar:/Users/womitowoju/.m2/repository/org/apache/jena/jena-arq/3.13.1/jena-arq-3.13.1.jar:/Users/womitowoju/.m2/repository/org/antlr/antlr4-runtime/4.5.3/antlr4-runtime-4.5.3.jar:/Users/womitowoju/.m2/repository/info/picocli/picocli/3.9.6/picocli-3.9.6.jar:/Users/womitowoju/.m2/repository/org/junit/jupiter/junit-jupiter-api/5.5.2/junit-jupiter-api-5.5.2.jar:/Users/womitowoju/.m2/repository/org/apiguardian/apiguardian-api/1.1.0/apiguardian-api-1.1.0.jar:/Users/womitowoju/.m2/repository/org/opentest4j/opentest4j/1.2.0/opentest4j-1.2.0.jar:/Users/womitowoju/.m2/repository/org/junit/platform/junit-platform-commons/1.5.2/junit-platform-commons-1.5.2.jar:/Users/womitowoju/.m2/repository/org/junit/jupiter/junit-jupiter-engine/5.5.2/junit-jupiter-engine-5.5.2.jar:/Users/womitowoju/.m2/repository/org/junit/platform/junit-platform-engine/1.5.2/junit-platform-engine-1.5.2.jar:"/>
    <property name="java.vm.vendor" value="AdoptOpenJDK"/>
    <property name="sun.arch.data.model" value="64"/>
    <property name="java.vendor.url" value="https://adoptopenjdk.net/"/>
    <property name="user.timezone" value=""/>
    <property name="java.vm.specification.version" value="11"/>
    <property name="os.name" value="Mac OS X"/>
    <property name="sun.java.launcher" value="SUN_STANDARD"/>
    <property name="user.country" value="US"/>
    <property name="sun.boot.library.path" value="/Library/Java/JavaVirtualMachines/adoptopenjdk-11.jdk/Contents/Home/lib"/>
    <property name="sun.java.command" value="/Users/womitowoju/workspace/aida/AIDA-Interchange-Format/java/target/surefire/surefirebooter9074258734452607809.jar /Users/womitowoju/workspace/aida/AIDA-Interchange-Format/java/target/surefire 2022-06-09T12-40-51_288-jvmRun1 surefire18191280760786643657tmp surefire_03390764324527721476tmp"/>
    <property name="http.nonProxyHosts" value="local|*.local|169.254/16|*.169.254/16"/>
    <property name="jdk.debug" value="release"/>
    <property name="surefire.test.class.path" value="/Users/womitowoju/workspace/aida/AIDA-Interchange-Format/java/target/test-classes:/Users/womitowoju/workspace/aida/AIDA-Interchange-Format/java/target/classes:/Users/womitowoju/.m2/repository/ch/qos/logback/logback-classic/1.2.3/logback-classic-1.2.3.jar:/Users/womitowoju/.m2/repository/ch/qos/logback/logback-core/1.2.3/logback-core-1.2.3.jar:/Users/womitowoju/.m2/repository/org/slf4j/slf4j-api/1.7.25/slf4j-api-1.7.25.jar:/Users/womitowoju/.m2/repository/org/apache/jena/jena-core/3.13.1/jena-core-3.13.1.jar:/Users/womitowoju/.m2/repository/org/apache/jena/jena-iri/3.13.1/jena-iri-3.13.1.jar:/Users/womitowoju/.m2/repository/commons-cli/commons-cli/1.4/commons-cli-1.4.jar:/Users/womitowoju/.m2/repository/commons-codec/commons-codec/1.13/commons-codec-1.13.jar:/Users/womitowoju/.m2/repository/org/apache/jena/jena-base/3.13.1/jena-base-3.13.1.jar:/Users/womitowoju/.m2/repository/org/apache/commons/commons-csv/1.7/commons-csv-1.7.jar:/Users/womitowoju/.m2/repository/org/apache/commons/commons-compress/1.19/commons-compress-1.19.jar:/Users/womitowoju/.m2/repository/com/github/andrewoma/dexx/collection/0.7/collection-0.7.jar:/Users/womitowoju/.m2/repository/org/apache/jena/jena-shaded-guava/3.13.1/jena-shaded-guava-3.13.1.jar:/Users/womitowoju/.m2/repository/org/apache/httpcomponents/httpclient/4.5.10/httpclient-4.5.10.jar:/Users/womitowoju/.m2/repository/org/apache/httpcomponents/httpcore/4.4.12/httpcore-4.4.12.jar:/Users/womitowoju/.m2/repository/com/github/jsonld-java/jsonld-java/0.12.5/jsonld-java-0.12.5.jar:/Users/womitowoju/.m2/repository/commons-io/commons-io/2.6/commons-io-2.6.jar:/Users/womitowoju/.m2/repository/org/apache/httpcomponents/httpclient-cache/4.5.10/httpclient-cache-4.5.10.jar:/Users/womitowoju/.m2/repository/org/apache/thrift/libthrift/0.12.0/libthrift-0.12.0.jar:/Users/womitowoju/.m2/repository/org/slf4j/jcl-over-slf4j/1.7.26/jcl-over-slf4j-1.7.26.jar:/Users/womitowoju/.m2/repository/org/apache/commons/commons-lang3/3.9/commons-lang3-3.9.jar:/Users/womitowoju/.m2/repository/org/apache/jena/jena-shacl/3.13.1/jena-shacl-3.13.1.jar:/Users/womitowoju/.m2/repository/org/apache/jena/jena-tdb/3.13.1/jena-tdb-3.13.1.jar:/Users/womitowoju/.m2/repository/org/apache/jena/jena-tdb2/3.13.1/jena-tdb2-3.13.1.jar:/Users/womitowoju/.m2/repository/org/apache/jena/jena-dboe-storage/3.13.1/jena-dboe-storage-3.13.1.jar:/Users/womitowoju/.m2/repository/org/apache/jena/jena-dboe-trans-data/3.13.1/jena-dboe-trans-data-3.13.1.jar:/Users/womitowoju/.m2/repository/org/apache/jena/jena-dboe-transaction/3.13.1/jena-dboe-transaction-3.13.1.jar:/Users/womitowoju/.m2/repository/org/apache/jena/jena-dboe-base/3.13.1/jena-dboe-base-3.13.1.jar:/Users/womitowoju/.m2/repository/org/apache/jena/jena-dboe-index/3.13.1/jena-dboe-index-3.13.1.jar:/Users/womitowoju/.m2/repository/org/apache/jena/jena-rdfconnection/3.13.1/jena-rdfconnection-3.13.1.jar:/Users/womitowoju/.m2/repository/com/google/guava/guava/28.1-jre/guava-28.1-jre.jar:/Users/womitowoju/.m2/repository/com/google/guava/failureaccess/1.0.1/failureaccess-1.0.1.jar:/Users/womitowoju/.m2/repository/com/google/guava/listenablefuture/9999.0-empty-to-avoid-conflict-with-guava/listenablefuture-9999.0-empty-to-avoid-conflict-with-guava.jar:/Users/womitowoju/.m2/repository/com/google/code/findbugs/jsr305/3.0.2/jsr305-3.0.2.jar:/Users/womitowoju/.m2/repository/org/checkerframework/checker-qual/2.8.1/checker-qual-2.8.1.jar:/Users/womitowoju/.m2/repository/com/google/errorprone/error_prone_annotations/2.3.2/error_prone_annotations-2.3.2.jar:/Users/womitowoju/.m2/repository/com/google/j2objc/j2objc-annotations/1.3/j2objc-annotations-1.3.jar:/Users/womitowoju/.m2/repository/org/codehaus/mojo/animal-sniffer-annotations/1.18/animal-sniffer-annotations-1.18.jar:/Users/womitowoju/.m2/repository/com/fasterxml/jackson/core/jackson-core/2.10.0/jackson-core-2.10.0.jar:/Users/womitowoju/.m2/repository/com/fasterxml/jackson/core/jackson-databind/2.10.0/jackson-databind-2.10.0.jar:/Users/womitowoju/.m2/repository/com/fasterxml/jackson/core/jackson-annotations/2.10.0/jackson-annotations-2.10.0.jar:/Users/womitowoju/.m2/repository/org/topbraid/shacl/1.3.2/shacl-1.3.2.jar:/Users/womitowoju/.m2/repository/org/apache/jena/jena-arq/3.13.1/jena-arq-3.13.1.jar:/Users/womitowoju/.m2/repository/org/antlr/antlr4-runtime/4.5.3/antlr4-runtime-4.5.3.jar:/Users/womitowoju/.m2/repository/info/picocli/picocli/3.9.6/picocli-3.9.6.jar:/Users/womitowoju/.m2/repository/org/junit/jupiter/junit-jupiter-api/5.5.2/junit-jupiter-api-5.5.2.jar:/Users/womitowoju/.m2/repository/org/apiguardian/apiguardian-api/1.1.0/apiguardian-api-1.1.0.jar:/Users/womitowoju/.m2/repository/org/opentest4j/opentest4j/1.2.0/opentest4j-1.2.0.jar:/Users/womitowoju/.m2/repository/org/junit/platform/junit-platform-commons/1.5.2/junit-platform-commons-1.5.2.jar:/Users/womitowoju/.m2/repository/org/junit/jupiter/junit-jupiter-engine/5.5.2/junit-jupiter-engine-5.5.2.jar:/Users/womitowoju/.m2/repository/org/junit/platform/junit-platform-engine/1.5.2/junit-platform-engine-1.5.2.jar:"/>
    <property name="sun.cpu.endian" value="little"/>
    <property name="user.home" value="/Users/womitowoju"/>
    <property name="user.language" value="en"/>
    <property name="java.specification.vendor" value="Oracle Corporation"/>
    <property name="java.version.date" value="2021-04-20"/>
    <property name="java.home" value="/Library/Java/JavaVirtualMachines/adoptopenjdk-11.jdk/Contents/Home"/>
    <property name="file.separator" value="/"/>
    <property name="basedir" value="/Users/womitowoju/workspace/aida/AIDA-Interchange-Format/java"/>
    <property name="java.vm.compressedOopsMode" value="Zero based"/>
    <property name="line.separator" value="&#10;"/>
    <property name="java.specification.name" value="Java Platform API Specification"/>
    <property name="java.vm.specification.vendor" value="Oracle Corporation"/>
    <property name="java.awt.graphicsenv" value="sun.awt.CGraphicsEnvironment"/>
    <property name="surefire.real.class.path" value="/Users/womitowoju/workspace/aida/AIDA-Interchange-Format/java/target/surefire/surefirebooter9074258734452607809.jar"/>
    <property name="sun.management.compiler" value="HotSpot 64-Bit Tiered Compilers"/>
    <property name="ftp.nonProxyHosts" value="local|*.local|169.254/16|*.169.254/16"/>
    <property name="java.runtime.version" value="11.0.11+9"/>
    <property name="user.name" value="womitowoju"/>
    <property name="path.separator" value=":"/>
    <property name="os.version" value="11.4"/>
    <property name="java.runtime.name" value="OpenJDK Runtime Environment"/>
    <property name="file.encoding" value="UTF-8"/>
    <property name="java.vm.name" value="OpenJDK 64-Bit Server VM"/>
    <property name="java.vendor.version" value="AdoptOpenJDK-11.0.11+9"/>
    <property name="localRepository" value="/Users/womitowoju/.m2/repository"/>
    <property name="java.vendor.url.bug" value="https://github.com/AdoptOpenJDK/openjdk-support/issues"/>
    <property name="java.io.tmpdir" value="/var/folders/xk/prnvlwvd0y1bv1m09d_mq_hr0000gq/T/"/>
    <property name="java.version" value="11.0.11"/>
    <property name="user.dir" value="/Users/womitowoju/workspace/aida/AIDA-Interchange-Format/java"/>
    <property name="os.arch" value="x86_64"/>
    <property name="java.vm.specification.name" value="Java Virtual Machine Specification"/>
    <property name="java.awt.printerjob" value="sun.lwawt.macosx.CPrinterJob"/>
    <property name="sun.os.patch.level" value="unknown"/>
    <property name="java.library.path" value="/Users/womitowoju/Library/Java/Extensions:/Library/Java/Extensions:/Network/Library/Java/Extensions:/System/Library/Java/Extensions:/usr/lib/java:."/>
    <property name="java.vm.info" value="mixed mode"/>
    <property name="java.vendor" value="AdoptOpenJDK"/>
    <property name="java.vm.version" value="11.0.11+9"/>
    <property name="sun.io.unicode.encoding" value="UnicodeBig"/>
    <property name="java.class.version" value="55.0"/>
    <property name="socksNonProxyHosts" value="local|*.local|169.254/16|*.169.254/16"/>
  </properties>
  <testcase name="createDWDPersonEntityWithJustifications" classname="com.ncc.aif.ExamplesAndValidationTest$DWDRestrictions" time="0.511"/>
  <testcase name="createDWDEvent" classname="com.ncc.aif.ExamplesAndValidationTest$DWDRestrictions" time="0.04"/>
  <testcase name="entityMissingType" classname="com.ncc.aif.ExamplesAndValidationTest$InvalidExamples" time="0">
    <skipped message="Types no longer required for mentions"/>
  </testcase>
  <testcase name="relationOfUnknownType" classname="com.ncc.aif.ExamplesAndValidationTest$InvalidExamples" time="0.077"/>
  <testcase name="nonTypeUsedAsType" classname="com.ncc.aif.ExamplesAndValidationTest$InvalidExamples" time="0.025"/>
  <testcase name="invalidAttributeForEventArgumentIrrealis" classname="com.ncc.aif.ExamplesAndValidationTest$InvalidExamples" time="0.037"/>
  <testcase name="invalidAttributeForEntityHedged" classname="com.ncc.aif.ExamplesAndValidationTest$InvalidExamples" time="0.025"/>
  <testcase name="confidenceIsNotObject" classname="com.ncc.aif.ExamplesAndValidationTest$InvalidExamples" time="0.027"/>
  <testcase name="invalidAttributeForRelationArgument" classname="com.ncc.aif.ExamplesAndValidationTest$InvalidExamples" time="0.036"/>
  <testcase name="eventMissingType" classname="com.ncc.aif.ExamplesAndValidationTest$InvalidExamples" time="0">
    <skipped message="Types no longer required for mentions"/>
  </testcase>
  <testcase name="invalidAttributeForEventMention" classname="com.ncc.aif.ExamplesAndValidationTest$InvalidExamples" time="0.025"/>
  <testcase name="invalidAttributeForEntityNegated" classname="com.ncc.aif.ExamplesAndValidationTest$InvalidExamples" time="0.027"/>
  <testcase name="invalidAttributeForRelationMention" classname="com.ncc.aif.ExamplesAndValidationTest$InvalidExamples" time="0.015"/>
  <testcase name="invalidAttributeForEventArgumentGeneric" classname="com.ncc.aif.ExamplesAndValidationTest$InvalidExamples" time="0.023"/>
  <testcase name="invalidAttributeForEntityIrrealis" classname="com.ncc.aif.ExamplesAndValidationTest$InvalidExamples" time="0.016"/>
  <testcase name="justificationMissingConfidence" classname="com.ncc.aif.ExamplesAndValidationTest$InvalidExamples" time="0.018"/>
  <testcase name="missingRdfTypeOnNamedNode" classname="com.ncc.aif.ExamplesAndValidationTest$InvalidExamples" time="0">
    <skipped message="Missing RDF type constraint not implemented"/>
  </testcase>
  <testcase name="createM36EntityOfTypePersonWithAllJustificationTypesAndConfidence" classname="com.ncc.aif.ExamplesAndValidationTest$OtherOntologies" time="0.096"/>
  <testcase name="createCompoundJustificationWithSingleJustification" classname="com.ncc.aif.ExamplesAndValidationTest$ValidExamples" time="0.022"/>
  <testcase name="createSeedlingEntityOfTypePersonWithImageJustificationAndVector" classname="com.ncc.aif.ExamplesAndValidationTest$ValidExamples" time="0.193"/>
  <testcase name="createHierarchicalCluster" classname="com.ncc.aif.ExamplesAndValidationTest$ValidExamples" time="0.032"/>
  <testcase name="createEntityMentionAddValidSemanticAttribute" classname="com.ncc.aif.ExamplesAndValidationTest$ValidExamples" time="0.004"/>
  <testcase name="relationWhereBothEndpointsAreAmbiguousNISTRestrictedVersion" classname="com.ncc.aif.ExamplesAndValidationTest$ValidExamples" time="0.051"/>
  <testcase name="createAEventAddValidSemanticAttribute" classname="com.ncc.aif.ExamplesAndValidationTest$ValidExamples" time="0.016"/>
  <testcase name="createSeedlingEntityWithUncertaintyAboutItsType" classname="com.ncc.aif.ExamplesAndValidationTest$ValidExamples" time="0.015"/>
  <testcase name="useSubgraphConfidencesToShowMutuallyExclusiveLinkedSeedlingEventArgumentOptions" classname="com.ncc.aif.ExamplesAndValidationTest$ValidExamples" time="0.019"/>
  <testcase name="createEventsWithLDCTimeRanges" classname="com.ncc.aif.ExamplesAndValidationTest$ValidExamples" time="0.016"/>
  <testcase name="createASimpleClusterWithHandle" classname="com.ncc.aif.ExamplesAndValidationTest$ValidExamples" time="0.015"/>
  <testcase name="createSeedlingEntityOfTypePersonWithAllJustificationTypesAndConfidence" classname="com.ncc.aif.ExamplesAndValidationTest$ValidExamples" time="0.016"/>
  <testcase name="createARelationAddValidSemanticAttribute" classname="com.ncc.aif.ExamplesAndValidationTest$ValidExamples" time="0.007"/>
  <testcase name="createSeedlingEntityWithAlternateNames" classname="com.ncc.aif.ExamplesAndValidationTest$ValidExamples" time="0.023"/>
  <testcase name="createASimpleClusterWithJustification" classname="com.ncc.aif.ExamplesAndValidationTest$ValidExamples" time="0.014"/>
  <testcase name="createSeedlingEventWithEventArgumentURI" classname="com.ncc.aif.ExamplesAndValidationTest$ValidExamples" time="0.016"/>
  <testcase name="createCompoundJustification" classname="com.ncc.aif.ExamplesAndValidationTest$ValidExamples" time="0.025"/>
  <testcase name="relationWhereBothEndpointsAreAmbiguousCrossDocEntitiesVersion" classname="com.ncc.aif.ExamplesAndValidationTest$ValidExamples" time="0.065"/>
  <testcase name="createEventWithEventArgumentAddValidSemanticAttribute" classname="com.ncc.aif.ExamplesAndValidationTest$ValidExamples" time="0.023"/>
  <testcase name="createASimpleCluster" classname="com.ncc.aif.ExamplesAndValidationTest$ValidExamples" time="0.018"/>
  <testcase name="createClusterWithLinkAndConfidence" classname="com.ncc.aif.ExamplesAndValidationTest$ValidExamples" time="0.026"/>
  <testcase name="createARelationBetweenTwoSeedlingEntitiesWhereThereIsUncertaintyAboutIdentityOfOneArgument" classname="com.ncc.aif.ExamplesAndValidationTest$ValidExamples" time="0.018"/>
  <testcase name="createSeedlingEvent" classname="com.ncc.aif.ExamplesAndValidationTest$ValidExamples" time="0.02"/>
  <testcase name="createEntityWithDiskBaseModelAndWriteOut" classname="com.ncc.aif.ExamplesAndValidationTest$ValidExamples" time="1.732"/>
  <testcase name="createEntityAndClusterWithInformativeJustification" classname="com.ncc.aif.ExamplesAndValidationTest$ValidExamples" time="0.017"/>
  <testcase name="createEventWithLDCTime" classname="com.ncc.aif.ExamplesAndValidationTest$ValidExamples" time="0.013"/>
  <testcase name="validFull" classname="com.ncc.aif.ExamplesAndValidationTest$ValidExamples$ClaimComponentTest" time="0.009"/>
  <testcase name="validFull" classname="com.ncc.aif.ExamplesAndValidationTest$ValidExamples$ClaimTest" time="0.012"/>
  <testcase name="invalidMissingType" classname="com.ncc.aif.ExamplesAndValidationTest$ValidExamples$ClaimComponentTest" time="0.011"/>
  <testcase name="validMininmal" classname="com.ncc.aif.ExamplesAndValidationTest$ValidExamples$ClaimComponentTest" time="0.008"/>
  <testcase name="validMinimal" classname="com.ncc.aif.ExamplesAndValidationTest$ValidExamples$ClaimTest" time="0.011"/>
  <testcase name="textJustification" classname="com.ncc.aif.ExamplesAndValidationTest$ValidExamples$testOptionalURIs" time="0.016"/>
  <testcase name="shotJustification" classname="com.ncc.aif.ExamplesAndValidationTest$ValidExamples$testOptionalURIs" time="0.014"/>
  <testcase name="possibleClusterMember" classname="com.ncc.aif.ExamplesAndValidationTest$ValidExamples$testOptionalURIs" time="0.012"/>
  <testcase name="videoJustification" classname="com.ncc.aif.ExamplesAndValidationTest$ValidExamples$testOptionalURIs" time="0.012"/>
  <testcase name="audioJustification" classname="com.ncc.aif.ExamplesAndValidationTest$ValidExamples$testOptionalURIs" time="0.012"/>
  <testcase name="keyFrameJustification" classname="com.ncc.aif.ExamplesAndValidationTest$ValidExamples$testOptionalURIs" time="0.013"/>
  <testcase name="imageJustification" classname="com.ncc.aif.ExamplesAndValidationTest$ValidExamples$testOptionalURIs" time="0.012"/>
</testsuite>